<?xml version='1.0' encoding='UTF-8' ?>
<testsuite name="" tests="7" failures="0" flakes="0" errors="0" skipped="0" time="2.678" hostname="localhost">
  <testcase name="measurePositive" classname="androidx.compose.testutils.AndroidComposeTestCaseRunnerTest" time="0.619" />
  <testcase name="foreverRecomposing_viaModel_shouldFail" classname="androidx.compose.testutils.AndroidComposeTestCaseRunnerTest" time="0.452" />
  <testcase name="recomposeOnce" classname="androidx.compose.testutils.AndroidComposeTestCaseRunnerTest" time="0.326" />
  <testcase name="recomposeZeroTime2" classname="androidx.compose.testutils.AndroidComposeTestCaseRunnerTest" time="0.345" />
  <testcase name="measurePositiveOnEmptyShouldFail" classname="androidx.compose.testutils.AndroidComposeTestCaseRunnerTest" time="0.356" />
  <testcase name="recomposeTwice2" classname="androidx.compose.testutils.AndroidComposeTestCaseRunnerTest" time="0.308" />
  <testcase name="recomposeZeroTime" classname="androidx.compose.testutils.AndroidComposeTestCaseRunnerTest" time="0.272" />
</testsuite>