<?xml version='1.0' encoding='UTF-8' ?>
<testsuite name="" tests="19" failures="0" flakes="0" errors="0" skipped="0" time="7.646" hostname="localhost">
  <testcase name="testFullLifecycle[0]" classname="androidx.lifecycle.ActivityFullLifecycleTest" time="0.697" />
  <testcase name="testFullLifecycle[1]" classname="androidx.lifecycle.ActivityFullLifecycleTest" time="0.254" />
  <testcase name="test" classname="androidx.lifecycle.FragmentInBackStackLifecycleTest" time="0.343" />
  <testcase name="liveData_partiallyObscuredActivityFragmentInFragment_minSdkN" classname="androidx.lifecycle.LiveDataOnSaveInstanceStateTest" time="0.305" />
  <testcase name="liveData_partiallyObscuredActivity_minSdkN" classname="androidx.lifecycle.LiveDataOnSaveInstanceStateTest" time="0.277" />
  <testcase name="liveData_partiallyObscuredActivityWithFragment_minSdkN" classname="androidx.lifecycle.LiveDataOnSaveInstanceStateTest" time="0.243" />
  <testcase name="coveredWithDialog_childFragment[dismissDialog_true]" classname="androidx.lifecycle.PartiallyCoveredActivityTest" time="0.298" />
  <testcase name="coveredWithDialog_activity[dismissDialog_true]" classname="androidx.lifecycle.PartiallyCoveredActivityTest" time="0.308" />
  <testcase name="coveredWithDialog_fragment[dismissDialog_true]" classname="androidx.lifecycle.PartiallyCoveredActivityTest" time="0.298" />
  <testcase name="coveredWithDialog_childFragment[dismissDialog_false]" classname="androidx.lifecycle.PartiallyCoveredActivityTest" time="0.352" />
  <testcase name="coveredWithDialog_activity[dismissDialog_false]" classname="androidx.lifecycle.PartiallyCoveredActivityTest" time="0.216" />
  <testcase name="coveredWithDialog_fragment[dismissDialog_false]" classname="androidx.lifecycle.PartiallyCoveredActivityTest" time="0.192" />
  <testcase name="testRecreation" classname="androidx.lifecycle.ProcessOwnerTest" time="0.177" />
  <testcase name="testPressHomeButton" classname="androidx.lifecycle.ProcessOwnerTest" time="1.011" />
  <testcase name="testNavigationToNonSupport" classname="androidx.lifecycle.ProcessOwnerTest" time="0.24" />
  <testcase name="testNavigation" classname="androidx.lifecycle.ProcessOwnerTest" time="0.24" />
  <testcase name="testFullLifecycle" classname="androidx.lifecycle.SimpleAppFullLifecycleTest" time="2.159" />
  <testcase name="testOnDestroyCall" classname="androidx.lifecycle.SynchronousActivityLifecycleTest" time="0.023" />
  <testcase name="testOnCreateCall" classname="androidx.lifecycle.SynchronousActivityLifecycleTest" time="0.013" />
</testsuite>