<?xml version='1.0' encoding='UTF-8' ?>
<testsuite name="" tests="7" failures="0" flakes="0" errors="0" skipped="0" time="2.9939999999999998" hostname="localhost">
  <testcase name="measurePositive" classname="androidx.compose.testutils.AndroidComposeTestCaseRunnerTest" time="0.725" />
  <testcase name="foreverRecomposing_viaModel_shouldFail" classname="androidx.compose.testutils.AndroidComposeTestCaseRunnerTest" time="0.592" />
  <testcase name="recomposeOnce" classname="androidx.compose.testutils.AndroidComposeTestCaseRunnerTest" time="0.37" />
  <testcase name="recomposeZeroTime2" classname="androidx.compose.testutils.AndroidComposeTestCaseRunnerTest" time="0.384" />
  <testcase name="measurePositiveOnEmptyShouldFail" classname="androidx.compose.testutils.AndroidComposeTestCaseRunnerTest" time="0.314" />
  <testcase name="recomposeTwice2" classname="androidx.compose.testutils.AndroidComposeTestCaseRunnerTest" time="0.336" />
  <testcase name="recomposeZeroTime" classname="androidx.compose.testutils.AndroidComposeTestCaseRunnerTest" time="0.273" />
</testsuite>