<?xml version='1.0' encoding='UTF-8' ?>
<testsuite name="" tests="277" failures="0" flakes="0" errors="0" skipped="0" time="8.029" hostname="localhost">
  <testcase name="activity" classname="androidx.navigation.ActivityNavigatorDestinationBuilderTest" time="0.007" />
  <testcase name="action" classname="androidx.navigation.ActivityNavigatorDestinationBuilderTest" time="0.001" />
  <testcase name="activityClass" classname="androidx.navigation.ActivityNavigatorDestinationBuilderTest" time="0.006" />
  <testcase name="activityRoute" classname="androidx.navigation.ActivityNavigatorDestinationBuilderTest" time="0.007" />
  <testcase name="dataPatternRoute" classname="androidx.navigation.ActivityNavigatorDestinationBuilderTest" time="0.002" />
  <testcase name="dataRoute" classname="androidx.navigation.ActivityNavigatorDestinationBuilderTest" time="0.004" />
  <testcase name="activityPackage" classname="androidx.navigation.ActivityNavigatorDestinationBuilderTest" time="0.002" />
  <testcase name="activityClassRoute" classname="androidx.navigation.ActivityNavigatorDestinationBuilderTest" time="0.005" />
  <testcase name="activityPackageRoute" classname="androidx.navigation.ActivityNavigatorDestinationBuilderTest" time="0.002" />
  <testcase name="data" classname="androidx.navigation.ActivityNavigatorDestinationBuilderTest" time="0.002" />
  <testcase name="actionRoute" classname="androidx.navigation.ActivityNavigatorDestinationBuilderTest" time="0.003" />
  <testcase name="dataPattern" classname="androidx.navigation.ActivityNavigatorDestinationBuilderTest" time="0.003" />
  <testcase name="testFragmentNavigatorExtras" classname="androidx.navigation.ActivityNavigatorExtrasTest" time="0.004" />
  <testcase name="navigateDataPatternInt" classname="androidx.navigation.ActivityNavigatorTest" time="0.671" />
  <testcase name="testToString" classname="androidx.navigation.ActivityNavigatorTest" time="0.159" />
  <testcase name="navigateData" classname="androidx.navigation.ActivityNavigatorTest" time="0.189" />
  <testcase name="navigateDataPatternMissingArgument" classname="androidx.navigation.ActivityNavigatorTest" time="0.126" />
  <testcase name="navigateAction" classname="androidx.navigation.ActivityNavigatorTest" time="0.206" />
  <testcase name="navigateSingleTop" classname="androidx.navigation.ActivityNavigatorTest" time="0.236" />
  <testcase name="navigateFromNonActivityContext" classname="androidx.navigation.ActivityNavigatorTest" time="0.205" />
  <testcase name="navigateWithExtras" classname="androidx.navigation.ActivityNavigatorTest" time="0.744" />
  <testcase name="navigateDataPattern" classname="androidx.navigation.ActivityNavigatorTest" time="0.255" />
  <testcase name="testToStringNoClass" classname="androidx.navigation.ActivityNavigatorTest" time="0.128" />
  <testcase name="navigateWithArgs" classname="androidx.navigation.ActivityNavigatorTest" time="0.169" />
  <testcase name="testToStringNoClassOrAction" classname="androidx.navigation.ActivityNavigatorTest" time="0.145" />
  <testcase name="throwOnPutAction" classname="androidx.navigation.ActivityNavigatorTest" time="0.144" />
  <testcase name="navigate" classname="androidx.navigation.ActivityNavigatorTest" time="0.156" />
  <testcase name="navArgsLazy" classname="androidx.navigation.ActivityTest" time="0.108" />
  <testcase name="navArgsLazyNoExtras" classname="androidx.navigation.ActivityTest" time="0.114" />
  <testcase name="findNavControllerNull" classname="androidx.navigation.ActivityTest" time="0.111" />
  <testcase name="findNavControllerInvalidViewId" classname="androidx.navigation.ActivityTest" time="0.109" />
  <testcase name="findNavController" classname="androidx.navigation.ActivityTest" time="0.11" />
  <testcase name="testNavigateFloatingToNotFloating" classname="androidx.navigation.FloatingWindowTest" time="0.05" />
  <testcase name="testNavigateFloatingToFloating" classname="androidx.navigation.FloatingWindowTest" time="0.005" />
  <testcase name="testNavigateFloating2xToNotFloating" classname="androidx.navigation.FloatingWindowTest" time="0.009" />
  <testcase name="testLifecycleOrphanedGraph" classname="androidx.navigation.NavBackStackEntryLifecycleTest" time="0.024" />
  <testcase name="testLifecycleNestedOrdering" classname="androidx.navigation.NavBackStackEntryLifecycleTest" time="0.07" />
  <testcase name="testNavigateOptionSingleTopNestedGraph" classname="androidx.navigation.NavBackStackEntryLifecycleTest" time="0.014" />
  <testcase name="testLifecycleWithDialog" classname="androidx.navigation.NavBackStackEntryLifecycleTest" time="0.009" />
  <testcase name="testLifecycleToDestroyedWhenInitialized" classname="androidx.navigation.NavBackStackEntryLifecycleTest" time="0.007" />
  <testcase name="testLifecyclePoppedGraph" classname="androidx.navigation.NavBackStackEntryLifecycleTest" time="0.012" />
  <testcase name="testLifecycleNestedOrderingWithDialog" classname="androidx.navigation.NavBackStackEntryLifecycleTest" time="0.036" />
  <testcase name="visibleEntriesFlow" classname="androidx.navigation.NavBackStackEntryLifecycleTest" time="0.018" />
  <testcase name="testLifecycleNestedRepeatedWithDialog" classname="androidx.navigation.NavBackStackEntryLifecycleTest" time="0.01" />
  <testcase name="testLifecycleNestedWithDialog" classname="androidx.navigation.NavBackStackEntryLifecycleTest" time="0.006" />
  <testcase name="testLifecycle" classname="androidx.navigation.NavBackStackEntryLifecycleTest" time="0.006" />
  <testcase name="testLifecycleNestedRepeatedBackToBack" classname="androidx.navigation.NavBackStackEntryLifecycleTest" time="0.008" />
  <testcase name="testLifecycleNestedRepeated" classname="androidx.navigation.NavBackStackEntryLifecycleTest" time="0.008" />
  <testcase name="testLifecycleNested" classname="androidx.navigation.NavBackStackEntryLifecycleTest" time="0.006" />
  <testcase name="testLifecycleNestedRepeatedBackToBackWithOrphanedGraph" classname="androidx.navigation.NavBackStackEntryLifecycleTest" time="0.008" />
  <testcase name="testLifecycleReplaceLastDestination" classname="androidx.navigation.NavBackStackEntryLifecycleTest" time="0.004" />
  <testcase name="testEqualsOnRestore" classname="androidx.navigation.NavBackStackEntryTest" time="0.204" />
  <testcase name="testOnClearedWhenHostClearedAfterSaveStateWithTransitions" classname="androidx.navigation.NavBackStackEntryTest" time="0.01" />
  <testcase name="testGetSavedStateHandleInitializedLifecycle" classname="androidx.navigation.NavBackStackEntryTest" time="0.004" />
  <testcase name="testGetSavedStateHandleNoViewModelSet" classname="androidx.navigation.NavBackStackEntryTest" time="0.002" />
  <testcase name="testOnClearedWhenHostClearedAfterSaveState" classname="androidx.navigation.NavBackStackEntryTest" time="0.039" />
  <testcase name="testLifecyclePoppedGraph" classname="androidx.navigation.NavBackStackEntryTest" time="0.001" />
  <testcase name="testSaveRestoreGetViewModelStoreOwner" classname="androidx.navigation.NavBackStackEntryTest" time="0.002" />
  <testcase name="testGetViewModelStoreOwnerSavedStateViewModel" classname="androidx.navigation.NavBackStackEntryTest" time="0.009" />
  <testcase name="testGetSavedStateHandleRestored" classname="androidx.navigation.NavBackStackEntryTest" time="0.001" />
  <testcase name="testGetViewModelStoreOwner" classname="androidx.navigation.NavBackStackEntryTest" time="0.001" />
  <testcase name="testOnClearedWhenHostCleared" classname="androidx.navigation.NavBackStackEntryTest" time="0.001" />
  <testcase name="testGetViewModelStoreOwnerSameGraph" classname="androidx.navigation.NavBackStackEntryTest" time="0.025" />
  <testcase name="testGetViewModelStoreOwnerNoGraph" classname="androidx.navigation.NavBackStackEntryTest" time="0.001" />
  <testcase name="testGetSavedStateHandle" classname="androidx.navigation.NavBackStackEntryTest" time="0.001" />
  <testcase name="testOnClearedWhenPopped" classname="androidx.navigation.NavBackStackEntryTest" time="0.0" />
  <testcase name="testGetViewModelStoreOwnerAndroidViewModel" classname="androidx.navigation.NavBackStackEntryTest" time="0.001" />
  <testcase name="testActivityDeepLinkHandledOnce" classname="androidx.navigation.NavControllerActivityTest" time="0.169" />
  <testcase name="testNavigateUp" classname="androidx.navigation.NavControllerActivityTest" time="0.149" />
  <testcase name="testNavigateUpPop" classname="androidx.navigation.NavControllerActivityTest" time="0.099" />
  <testcase name="testHandleDeepLinkValid" classname="androidx.navigation.NavControllerRouteTest" time="0.017" />
  <testcase name="testNavigateViaDeepLink" classname="androidx.navigation.NavControllerRouteTest" time="0.007" />
  <testcase name="testNavigateToDifferentGraphViaDeepLink3x" classname="androidx.navigation.NavControllerRouteTest" time="0.014" />
  <testcase name="testNavigateThenNavigateUpWithDefaultArgs" classname="androidx.navigation.NavControllerRouteTest" time="0.006" />
  <testcase name="testHandleDeepLinkToRootInvalid" classname="androidx.navigation.NavControllerRouteTest" time="0.01" />
  <testcase name="testNavigateViaDeepLinkMimeTypeWildCardType" classname="androidx.navigation.NavControllerRouteTest" time="0.006" />
  <testcase name="testDeepLinkFromNavGraph" classname="androidx.navigation.NavControllerRouteTest" time="0.009" />
  <testcase name="testNavigate" classname="androidx.navigation.NavControllerRouteTest" time="0.024" />
  <testcase name="testGetPreviousBackStackEntry" classname="androidx.navigation.NavControllerRouteTest" time="0.016" />
  <testcase name="testSetGraph13Entries" classname="androidx.navigation.NavControllerRouteTest" time="0.006" />
  <testcase name="testSaveRestoreStateProgrammatic" classname="androidx.navigation.NavControllerRouteTest" time="0.007" />
  <testcase name="testNavigateViaDeepLinkMimeTypeDifferentUri" classname="androidx.navigation.NavControllerRouteTest" time="0.007" />
  <testcase name="testNavigateWithNoDefaultValue" classname="androidx.navigation.NavControllerRouteTest" time="0.006" />
  <testcase name="testSaveRestoreAfterNavigateToDifferentNavGraph" classname="androidx.navigation.NavControllerRouteTest" time="0.007" />
  <testcase name="testNavigateViaDeepLinkDefaultArgs" classname="androidx.navigation.NavControllerRouteTest" time="0.003" />
  <testcase name="testDeepLinkIntent" classname="androidx.navigation.NavControllerRouteTest" time="0.007" />
  <testcase name="testNavigateViaDeepLinkActionDifferentURI" classname="androidx.navigation.NavControllerRouteTest" time="0.005" />
  <testcase name="testPopRoot" classname="androidx.navigation.NavControllerRouteTest" time="0.004" />
  <testcase name="testNavigateViaDeepLinkMimeType" classname="androidx.navigation.NavControllerRouteTest" time="0.003" />
  <testcase name="testSaveRestoreStateBundleParceled" classname="androidx.navigation.NavControllerRouteTest" time="0.004" />
  <testcase name="testHandleDeepLinkInvalid" classname="androidx.navigation.NavControllerRouteTest" time="0.004" />
  <testcase name="testNavigateViaDeepLinkMimeTypeWildCard" classname="androidx.navigation.NavControllerRouteTest" time="0.004" />
  <testcase name="testNavigateThenPopToUnknownDestination" classname="androidx.navigation.NavControllerRouteTest" time="0.002" />
  <testcase name="testNavigateThenNavigateUp" classname="androidx.navigation.NavControllerRouteTest" time="0.004" />
  <testcase name="testSetSameViewModelStoreOwnerAfterGraphSet" classname="androidx.navigation.NavControllerRouteTest" time="0.003" />
  <testcase name="testNavigateThenPop" classname="androidx.navigation.NavControllerRouteTest" time="0.006" />
  <testcase name="testDeepLinkIntentWithDefaultArgs" classname="androidx.navigation.NavControllerRouteTest" time="0.012" />
  <testcase name="testNavigateArgs" classname="androidx.navigation.NavControllerRouteTest" time="0.012" />
  <testcase name="testHandleDeepLinkMultipleDestinationsWithArgs" classname="androidx.navigation.NavControllerRouteTest" time="0.02" />
  <testcase name="testGetCurrentBackStackEntry" classname="androidx.navigation.NavControllerRouteTest" time="0.003" />
  <testcase name="testSetGraphTwice" classname="androidx.navigation.NavControllerRouteTest" time="0.007" />
  <testcase name="testNavigateWithDefaultArgs" classname="androidx.navigation.NavControllerRouteTest" time="0.009" />
  <testcase name="testNavigateToDifferentGraphViaDeepLinkToGrandchild3x" classname="androidx.navigation.NavControllerRouteTest" time="0.015" />
  <testcase name="testSaveRestoreStateDestinationChanged" classname="androidx.navigation.NavControllerRouteTest" time="0.006" />
  <testcase name="testPopOnEmptyStack" classname="androidx.navigation.NavControllerRouteTest" time="0.005" />
  <testcase name="testStartDestination" classname="androidx.navigation.NavControllerRouteTest" time="0.003" />
  <testcase name="testSetViewModelStoreOwnerAfterGraphSet" classname="androidx.navigation.NavControllerRouteTest" time="0.006" />
  <testcase name="testNavigateThenNavigateWithPopRoot" classname="androidx.navigation.NavControllerRouteTest" time="0.007" />
  <testcase name="testSetOnBackPressedDispatcherOnNavBackStackEntry" classname="androidx.navigation.NavControllerRouteTest" time="0.008" />
  <testcase name="testNavigateWithArgs" classname="androidx.navigation.NavControllerRouteTest" time="0.011" />
  <testcase name="testStartDestinationWithArgs" classname="androidx.navigation.NavControllerRouteTest" time="0.007" />
  <testcase name="testNestedStartDestination" classname="androidx.navigation.NavControllerRouteTest" time="0.007" />
  <testcase name="testHandleDeepLinkNestedStartDestination" classname="androidx.navigation.NavControllerRouteTest" time="0.03" />
  <testcase name="testNavigateThenNavigateWithPop" classname="androidx.navigation.NavControllerRouteTest" time="0.012" />
  <testcase name="testSaveRestoreStateXml" classname="androidx.navigation.NavControllerRouteTest" time="0.009" />
  <testcase name="testHandleDeepLinkMultipleDestinations" classname="androidx.navigation.NavControllerRouteTest" time="0.016" />
  <testcase name="testNavigateViaImplicitDeepLink" classname="androidx.navigation.NavControllerRouteTest" time="0.348" />
  <testcase name="testStartDestinationWithArgsProgrammatic" classname="androidx.navigation.NavControllerRouteTest" time="0.003" />
  <testcase name="testNavigateViaDeepLinkMimeTypeWildCardSubtype" classname="androidx.navigation.NavControllerRouteTest" time="0.005" />
  <testcase name="testNavigationViaDeepLinkPopUpTo" classname="androidx.navigation.NavControllerRouteTest" time="0.004" />
  <testcase name="testNavigateToDifferentGraphViaDeepLink" classname="androidx.navigation.NavControllerRouteTest" time="0.004" />
  <testcase name="testNavigateWithOverriddenDefaultArgs" classname="androidx.navigation.NavControllerRouteTest" time="0.003" />
  <testcase name="testBackstackArgsBundleParceled" classname="androidx.navigation.NavControllerRouteTest" time="0.006" />
  <testcase name="testSetGraph" classname="androidx.navigation.NavControllerRouteTest" time="0.003" />
  <testcase name="testNavigateViaDeepLinkAction" classname="androidx.navigation.NavControllerTest" time="0.005" />
  <testcase name="testHandleDeepLinkValid" classname="androidx.navigation.NavControllerTest" time="0.01" />
  <testcase name="testNavigateOptionSaveStackRestoreState" classname="androidx.navigation.NavControllerTest" time="0.01" />
  <testcase name="testNavigateViaDeepLink" classname="androidx.navigation.NavControllerTest" time="0.003" />
  <testcase name="testExplicitDeepLinkNestedNavGraph" classname="androidx.navigation.NavControllerTest" time="0.104" />
  <testcase name="testNavigateToDifferentGraphViaDeepLink3x" classname="androidx.navigation.NavControllerTest" time="0.007" />
  <testcase name="testNavigateOptionSingleTopNewArgs" classname="androidx.navigation.NavControllerTest" time="0.007" />
  <testcase name="testNavigateThenNavigateUpWithDefaultArgs" classname="androidx.navigation.NavControllerTest" time="0.005" />
  <testcase name="testExplicitDeepLinkOffLeafDestination" classname="androidx.navigation.NavControllerTest" time="0.139" />
  <testcase name="testHandleDeepLinkToRootInvalid" classname="androidx.navigation.NavControllerTest" time="0.007" />
  <testcase name="testNavigateWithPopUpOptionsOnly" classname="androidx.navigation.NavControllerTest" time="0.003" />
  <testcase name="testNavigateViaDeepLinkMimeTypeWildCardType" classname="androidx.navigation.NavControllerTest" time="0.004" />
  <testcase name="testDeepLinkFromNavGraph" classname="androidx.navigation.NavControllerTest" time="0.007" />
  <testcase name="testNavigate" classname="androidx.navigation.NavControllerTest" time="0.001" />
  <testcase name="testGetPreviousBackStackEntry" classname="androidx.navigation.NavControllerTest" time="0.006" />
  <testcase name="testSetNewLifecycleOwner" classname="androidx.navigation.NavControllerTest" time="0.0" />
  <testcase name="testSaveRestoreStateProgrammatic" classname="androidx.navigation.NavControllerTest" time="0.0" />
  <testcase name="testNavigateOptionSaveRestoreState" classname="androidx.navigation.NavControllerTest" time="0.009" />
  <testcase name="testOnDestinationChangedListenerConcurrentModification" classname="androidx.navigation.NavControllerTest" time="0.003" />
  <testcase name="testNavigateViaDeepLinkMimeTypeDifferentUri" classname="androidx.navigation.NavControllerTest" time="0.014" />
  <testcase name="testNavigateWithNoDefaultValue" classname="androidx.navigation.NavControllerTest" time="0.003" />
  <testcase name="testSaveRestoreAfterNavigateToDifferentNavGraph" classname="androidx.navigation.NavControllerTest" time="0.002" />
  <testcase name="testNoDestinationNoPopUpTo" classname="androidx.navigation.NavControllerTest" time="0.003" />
  <testcase name="testNavigateFromLifecycleObserver" classname="androidx.navigation.NavControllerTest" time="0.005" />
  <testcase name="testNavigateViaDeepLinkActionUnusedUri" classname="androidx.navigation.NavControllerTest" time="0.002" />
  <testcase name="testNavigateViaDeepLinkDefaultArgs" classname="androidx.navigation.NavControllerTest" time="0.001" />
  <testcase name="testNavigateOptionSaveClearState" classname="androidx.navigation.NavControllerTest" time="0.007" />
  <testcase name="testDeepLinkIntent" classname="androidx.navigation.NavControllerTest" time="0.007" />
  <testcase name="testNavigateViaDeepLinkActionDifferentURI" classname="androidx.navigation.NavControllerTest" time="0.003" />
  <testcase name="testPopRoot" classname="androidx.navigation.NavControllerTest" time="0.004" />
  <testcase name="testNavigateOptionSingleTop" classname="androidx.navigation.NavControllerTest" time="0.007" />
  <testcase name="createGraph" classname="androidx.navigation.NavControllerTest" time="0.002" />
  <testcase name="testNavigateViaDeepLinkMimeType" classname="androidx.navigation.NavControllerTest" time="0.006" />
  <testcase name="testGetCurrentBackStackEntryEmptyBackStack" classname="androidx.navigation.NavControllerTest" time="0.002" />
  <testcase name="testNavigateOptionNestedSaveRestoreStateNonInclusiveNoPopUpToState" classname="androidx.navigation.NavControllerTest" time="0.015" />
  <testcase name="testInvalidStartDestination" classname="androidx.navigation.NavControllerTest" time="0.005" />
  <testcase name="testSaveRestoreStateBundleParceled" classname="androidx.navigation.NavControllerTest" time="0.011" />
  <testcase name="testHandleDeepLinkInvalid" classname="androidx.navigation.NavControllerTest" time="0.01" />
  <testcase name="testNavigateViaDeepLinkMimeTypeWildCard" classname="androidx.navigation.NavControllerTest" time="0.005" />
  <testcase name="testNavigateThenPopToUnknownDestination" classname="androidx.navigation.NavControllerTest" time="0.006" />
  <testcase name="testNavigateFromOnDestinationChangedListener" classname="androidx.navigation.NavControllerTest" time="0.007" />
  <testcase name="testNavigateThenNavigateUp" classname="androidx.navigation.NavControllerTest" time="0.006" />
  <testcase name="testSetSameViewModelStoreOwnerAfterGraphSet" classname="androidx.navigation.NavControllerTest" time="0.003" />
  <testcase name="testMissingStartDestination" classname="androidx.navigation.NavControllerTest" time="0.003" />
  <testcase name="testNavigateOptionPopNestedGraph" classname="androidx.navigation.NavControllerTest" time="0.009" />
  <testcase name="testNavigateThenPop" classname="androidx.navigation.NavControllerTest" time="0.007" />
  <testcase name="testStartDestinationWithWrongArgs" classname="androidx.navigation.NavControllerTest" time="0.003" />
  <testcase name="testExplicitDeepLinkSeparateNavGraph" classname="androidx.navigation.NavControllerTest" time="0.177" />
  <testcase name="testDeepLinkIntentWithDefaultArgs" classname="androidx.navigation.NavControllerTest" time="0.009" />
  <testcase name="testInvalidNavigateViaDeepLink" classname="androidx.navigation.NavControllerTest" time="0.006" />
  <testcase name="testNavigateArgs" classname="androidx.navigation.NavControllerTest" time="0.008" />
  <testcase name="testNavigateOptionNestedSaveRestoreStateInclusive" classname="androidx.navigation.NavControllerTest" time="0.01" />
  <testcase name="testNavigateOptionSingleTopReplaceWithDefaultArgs" classname="androidx.navigation.NavControllerTest" time="0.007" />
  <testcase name="testHandleDeepLinkMultipleDestinationsWithArgs" classname="androidx.navigation.NavControllerTest" time="0.014" />
  <testcase name="testHandleDeepLinkAction" classname="androidx.navigation.NavControllerTest" time="0.008" />
  <testcase name="testGetCurrentBackStackEntry" classname="androidx.navigation.NavControllerTest" time="0.002" />
  <testcase name="testPopFromOnDestinationChangedListener" classname="androidx.navigation.NavControllerTest" time="0.003" />
  <testcase name="testExplicitDeepLinkOffOtherTaskWithRepeatedStartDestination" classname="androidx.navigation.NavControllerTest" time="0.128" />
  <testcase name="testNavigateOptionPopUpToInAction" classname="androidx.navigation.NavControllerTest" time="0.166" />
  <testcase name="testSetGraphTwice" classname="androidx.navigation.NavControllerTest" time="0.005" />
  <testcase name="testNavigateWithDefaultArgs" classname="androidx.navigation.NavControllerTest" time="0.004" />
  <testcase name="testNavigateToDifferentGraphViaDeepLinkToGrandchild3x" classname="androidx.navigation.NavControllerTest" time="0.013" />
  <testcase name="testSaveRestoreStateDestinationChanged" classname="androidx.navigation.NavControllerTest" time="0.011" />
  <testcase name="testPopOnEmptyStack" classname="androidx.navigation.NavControllerTest" time="0.004" />
  <testcase name="testSetSameOnBackPressedDispatcher" classname="androidx.navigation.NavControllerTest" time="0.002" />
  <testcase name="testNavigateOptionSingleTopReplaceNullArgs" classname="androidx.navigation.NavControllerTest" time="0.005" />
  <testcase name="testStartDestination" classname="androidx.navigation.NavControllerTest" time="0.003" />
  <testcase name="testNavigateOptionSingleTopNewArgsIgnore" classname="androidx.navigation.NavControllerTest" time="0.005" />
  <testcase name="testSetViewModelStoreOwnerAfterGraphSet" classname="androidx.navigation.NavControllerTest" time="0.002" />
  <testcase name="testNavigateThenNavigateWithPopRoot" classname="androidx.navigation.NavControllerTest" time="0.007" />
  <testcase name="testSetOnBackPressedDispatcherOnNavBackStackEntry" classname="androidx.navigation.NavControllerTest" time="0.005" />
  <testcase name="testExplicitDeepLinkWithStartDestinationOnly" classname="androidx.navigation.NavControllerTest" time="0.122" />
  <testcase name="testGetPreviousBackStackEntryEmptyBackStack" classname="androidx.navigation.NavControllerTest" time="0.003" />
  <testcase name="testNavigateWithArgs" classname="androidx.navigation.NavControllerTest" time="0.001" />
  <testcase name="testPopFromLifecycleObserver" classname="androidx.navigation.NavControllerTest" time="0.002" />
  <testcase name="testNavigateOptionNestedSaveRestoreStateNonInclusive" classname="androidx.navigation.NavControllerTest" time="0.007" />
  <testcase name="testSetNewOnBackPressedDispatcher" classname="androidx.navigation.NavControllerTest" time="0.002" />
  <testcase name="testGetGraphIllegalStateException" classname="androidx.navigation.NavControllerTest" time="0.001" />
  <testcase name="testStartDestinationWithArgs" classname="androidx.navigation.NavControllerTest" time="0.0" />
  <testcase name="currentBackStackEntryFlow" classname="androidx.navigation.NavControllerTest" time="0.004" />
  <testcase name="testExplicitDeepLinkNavigateUpWithImplicitStartDestination" classname="androidx.navigation.NavControllerTest" time="0.114" />
  <testcase name="testNavigateOptionPopSelf" classname="androidx.navigation.NavControllerTest" time="0.005" />
  <testcase name="testExplicitDeepLinkNavigateUpOffOtherTaskStack" classname="androidx.navigation.NavControllerTest" time="0.327" />
  <testcase name="testNavigateViaActionWithArgs" classname="androidx.navigation.NavControllerTest" time="0.006" />
  <testcase name="testNestedStartDestination" classname="androidx.navigation.NavControllerTest" time="0.002" />
  <testcase name="testHandleDeepLinkNestedStartDestination" classname="androidx.navigation.NavControllerTest" time="0.005" />
  <testcase name="testNavigateThenNavigateWithPop" classname="androidx.navigation.NavControllerTest" time="0.004" />
  <testcase name="testNavigateViaAction" classname="androidx.navigation.NavControllerTest" time="0.011" />
  <testcase name="testSaveRestoreStateXml" classname="androidx.navigation.NavControllerTest" time="0.003" />
  <testcase name="testHandleDeepLinkMultipleDestinations" classname="androidx.navigation.NavControllerTest" time="0.006" />
  <testcase name="testNavigateViaImplicitDeepLink" classname="androidx.navigation.NavControllerTest" time="0.193" />
  <testcase name="testSetGraphTwiceWithSavedBackStack" classname="androidx.navigation.NavControllerTest" time="0.007" />
  <testcase name="testStartDestinationWithArgsProgrammatic" classname="androidx.navigation.NavControllerTest" time="0.001" />
  <testcase name="testNavigateViaDeepLinkMimeTypeWildCardSubtype" classname="androidx.navigation.NavControllerTest" time="0.012" />
  <testcase name="testSetGraphTwiceSameGraph" classname="androidx.navigation.NavControllerTest" time="0.002" />
  <testcase name="testNavigationViaDeepLinkPopUpTo" classname="androidx.navigation.NavControllerTest" time="0.008" />
  <testcase name="testNavigateToDifferentGraphViaDeepLink" classname="androidx.navigation.NavControllerTest" time="0.005" />
  <testcase name="testNavigateWithOverriddenDefaultArgs" classname="androidx.navigation.NavControllerTest" time="0.006" />
  <testcase name="testBackstackArgsBundleParceled" classname="androidx.navigation.NavControllerTest" time="0.007" />
  <testcase name="testNavigateThenPopFromNavigator" classname="androidx.navigation.NavControllerTest" time="0.003" />
  <testcase name="testSetSameLifecycleOwner" classname="androidx.navigation.NavControllerTest" time="0.001" />
  <testcase name="testSetGraph" classname="androidx.navigation.NavControllerTest" time="0.002" />
  <testcase name="testGetViewModelStore" classname="androidx.navigation.NavControllerViewModelTest" time="0.002" />
  <testcase name="testOnCleared" classname="androidx.navigation.NavControllerViewModelTest" time="0.001" />
  <testcase name="testClear" classname="androidx.navigation.NavControllerViewModelTest" time="0.002" />
  <testcase name="testGetInstance" classname="androidx.navigation.NavControllerViewModelTest" time="0.001" />
  <testcase name="pendingIntentNotEqualsWithDifferentDestinationArgsRoute" classname="androidx.navigation.NavDeepLinkBuilderTest" time="0.004" />
  <testcase name="fromContextSetGraphNavInflaterRoute" classname="androidx.navigation.NavDeepLinkBuilderTest" time="0.003" />
  <testcase name="fromContextSetGraphXml" classname="androidx.navigation.NavDeepLinkBuilderTest" time="0.002" />
  <testcase name="fromNavController" classname="androidx.navigation.NavDeepLinkBuilderTest" time="0.003" />
  <testcase name="generateExplicitStartDestinationWithArgs" classname="androidx.navigation.NavDeepLinkBuilderTest" time="0.004" />
  <testcase name="pendingIntentNotEqualsWithDifferentDestination" classname="androidx.navigation.NavDeepLinkBuilderTest" time="0.004" />
  <testcase name="generateExplicitStartDestinationMultipleTimes" classname="androidx.navigation.NavDeepLinkBuilderTest" time="0.003" />
  <testcase name="pendingIntentNotEqualsWithDifferentArgsRoute" classname="androidx.navigation.NavDeepLinkBuilderTest" time="0.003" />
  <testcase name="fromContextSetGraphProgrammaticRoute" classname="androidx.navigation.NavDeepLinkBuilderTest" time="0.003" />
  <testcase name="generateExplicitNavRootWithArgs" classname="androidx.navigation.NavDeepLinkBuilderTest" time="0.003" />
  <testcase name="fromContextSetGraphNavInflater" classname="androidx.navigation.NavDeepLinkBuilderTest" time="0.003" />
  <testcase name="pendingIntentNotEqualsWithDifferentDestinationArgs" classname="androidx.navigation.NavDeepLinkBuilderTest" time="0.005" />
  <testcase name="generateImplicitStartDestinationNestedGraph" classname="androidx.navigation.NavDeepLinkBuilderTest" time="0.002" />
  <testcase name="generateExplicitStartDestinationNestedGraph" classname="androidx.navigation.NavDeepLinkBuilderTest" time="0.002" />
  <testcase name="generateImplicitStartDestination" classname="androidx.navigation.NavDeepLinkBuilderTest" time="0.002" />
  <testcase name="pendingIntentNotEqualsWithDifferentDestinationRoute" classname="androidx.navigation.NavDeepLinkBuilderTest" time="0.003" />
  <testcase name="fromContextSetGraphProgrammatic" classname="androidx.navigation.NavDeepLinkBuilderTest" time="0.002" />
  <testcase name="pendingIntentNotEqualsWithDifferentArgs" classname="androidx.navigation.NavDeepLinkBuilderTest" time="0.002" />
  <testcase name="fromContextSetGraphXmlRoute" classname="androidx.navigation.NavDeepLinkBuilderTest" time="0.002" />
  <testcase name="pendingIntentEqualsWithSameArgsRoute" classname="androidx.navigation.NavDeepLinkBuilderTest" time="0.003" />
  <testcase name="fromNavControllerRoute" classname="androidx.navigation.NavDeepLinkBuilderTest" time="0.003" />
  <testcase name="generateNavGraphToSameNavGraph" classname="androidx.navigation.NavDeepLinkBuilderTest" time="0.003" />
  <testcase name="generateExplicitStartDestination" classname="androidx.navigation.NavDeepLinkBuilderTest" time="0.003" />
  <testcase name="pendingIntentEqualsWithSameArgs" classname="androidx.navigation.NavDeepLinkBuilderTest" time="0.003" />
  <testcase name="generateNestedExplicitStartDestinationMultipleTimes" classname="androidx.navigation.NavDeepLinkBuilderTest" time="0.003" />
  <testcase name="createGraph" classname="androidx.navigation.NavHostTest" time="0.002" />
  <testcase name="testRelativeClassName" classname="androidx.navigation.NavInflaterTest" time="0.005" />
  <testcase name="testEmptyLabel" classname="androidx.navigation.NavInflaterTest" time="0.001" />
  <testcase name="testDefaultArgumentsString" classname="androidx.navigation.NavInflaterTest" time="0.002" />
  <testcase name="testInflateDeepLinkWithApplicationIdAction" classname="androidx.navigation.NavInflaterTest" time="0.002" />
  <testcase name="testInflateSimple" classname="androidx.navigation.NavInflaterTest" time="0.002" />
  <testcase name="testDefaultArgumentsEnum" classname="androidx.navigation.NavInflaterTest" time="0.003" />
  <testcase name="testDefaultArgumentsLong" classname="androidx.navigation.NavInflaterTest" time="0.002" />
  <testcase name="testDefaultArgumentsBoolean" classname="androidx.navigation.NavInflaterTest" time="0.002" />
  <testcase name="testDefaultArgumentsReference" classname="androidx.navigation.NavInflaterTest" time="0.002" />
  <testcase name="testInflateDeepLinkWithApplicationIdEmptyAction" classname="androidx.navigation.NavInflaterTest" time="0.003" />
  <testcase name="testDefaultIntArgumentsFloat" classname="androidx.navigation.NavInflaterTest" time="0.003" />
  <testcase name="testInflateInvalidArgumentDefaultValue" classname="androidx.navigation.NavInflaterTest" time="0.001" />
  <testcase name="testActionArguments" classname="androidx.navigation.NavInflaterTest" time="0.002" />
  <testcase name="testDefaultArgumentsFloat" classname="androidx.navigation.NavInflaterTest" time="0.003" />
  <testcase name="testInflateInvalidArgumentArgType" classname="androidx.navigation.NavInflaterTest" time="0.002" />
  <testcase name="testInflateDeepLinkWithApplicationIdMimeType" classname="androidx.navigation.NavInflaterTest" time="0.002" />
  <testcase name="testDefaultArgumentsInteger" classname="androidx.navigation.NavInflaterTest" time="0.003" />
  <testcase name="testDefaultArgumentsStringArray" classname="androidx.navigation.NavInflaterTest" time="0.003" />
  <testcase name="testInflateDeepLinkWithApplicationId" classname="androidx.navigation.NavInflaterTest" time="0.004" />
  <testcase name="findNavControllerNull" classname="androidx.navigation.ViewTest" time="0.002" />
  <testcase name="findNavController" classname="androidx.navigation.ViewTest" time="0.001" />
</testsuite>