<?xml version='1.0' encoding='UTF-8' ?>
<testsuite name="" tests="101" failures="0" flakes="0" errors="0" skipped="0" time="13.164" hostname="localhost">
  <testcase name="navArgsLazy" classname="androidx.navigation.fragment.ActivityTest" time="0.334" />
  <testcase name="findNavControllerNull" classname="androidx.navigation.fragment.ActivityTest" time="0.191" />
  <testcase name="findNavController" classname="androidx.navigation.fragment.ActivityTest" time="0.23" />
  <testcase name="fragment" classname="androidx.navigation.fragment.DialogFragmentNavigatorDestinationBuilderTest" time="0.142" />
  <testcase name="fragmentRoute" classname="androidx.navigation.fragment.DialogFragmentNavigatorDestinationBuilderTest" time="0.204" />
  <testcase name="fragmentWithBodyRoute" classname="androidx.navigation.fragment.DialogFragmentNavigatorDestinationBuilderTest" time="0.148" />
  <testcase name="fragmentWithBody" classname="androidx.navigation.fragment.DialogFragmentNavigatorDestinationBuilderTest" time="0.154" />
  <testcase name="testNavigate" classname="androidx.navigation.fragment.DialogFragmentNavigatorTest" time="0.186" />
  <testcase name="testPop" classname="androidx.navigation.fragment.DialogFragmentNavigatorTest" time="0.172" />
  <testcase name="testFindNavController" classname="androidx.navigation.fragment.DialogFragmentNavigatorTest" time="0.175" />
  <testcase name="testDismiss" classname="androidx.navigation.fragment.DialogFragmentNavigatorTest" time="0.195" />
  <testcase name="testNavigateWithImmediatePop" classname="androidx.navigation.fragment.DialogFragmentNavigatorTest" time="0.146" />
  <testcase name="testDismissAndNavigate" classname="androidx.navigation.fragment.DialogFragmentNavigatorTest" time="0.164" />
  <testcase name="testNestedStartDestinationDeeplinkWithArgs" classname="androidx.navigation.fragment.DynamicNavControllerTest" time="0.124" />
  <testcase name="testStartDestinationDeeplink" classname="androidx.navigation.fragment.DynamicNavControllerTest" time="0.138" />
  <testcase name="testDoubleNestedUriDeepLink" classname="androidx.navigation.fragment.DynamicNavControllerTest" time="0.117" />
  <testcase name="testUriDeepLink" classname="androidx.navigation.fragment.DynamicNavControllerTest" time="0.103" />
  <testcase name="testStartDestinationUriDeepLink" classname="androidx.navigation.fragment.DynamicNavControllerTest" time="0.115" />
  <testcase name="testStartDestinationDeeplinkWithArgs" classname="androidx.navigation.fragment.DynamicNavControllerTest" time="0.115" />
  <testcase name="testNestedUriDeepLinkWithSlash" classname="androidx.navigation.fragment.DynamicNavControllerTest" time="0.107" />
  <testcase name="testDoubleNestedStartDestinationDeeplink" classname="androidx.navigation.fragment.DynamicNavControllerTest" time="0.139" />
  <testcase name="testDeeplinkWithArgs" classname="androidx.navigation.fragment.DynamicNavControllerTest" time="0.126" />
  <testcase name="testDoubleNestedStartDestinationDeeplinkWithArgs" classname="androidx.navigation.fragment.DynamicNavControllerTest" time="0.146" />
  <testcase name="testDoubleNestedDeeplink" classname="androidx.navigation.fragment.DynamicNavControllerTest" time="0.114" />
  <testcase name="testNestedDeeplinkWithArgs" classname="androidx.navigation.fragment.DynamicNavControllerTest" time="0.121" />
  <testcase name="testDoubleNestedDeeplinkWithArgs" classname="androidx.navigation.fragment.DynamicNavControllerTest" time="0.118" />
  <testcase name="testNestedStartDestinationUriDeepLink" classname="androidx.navigation.fragment.DynamicNavControllerTest" time="0.097" />
  <testcase name="testNestedUriDeepLink" classname="androidx.navigation.fragment.DynamicNavControllerTest" time="0.11" />
  <testcase name="testNestedStartDestinationDeeplink" classname="androidx.navigation.fragment.DynamicNavControllerTest" time="0.116" />
  <testcase name="testNestedDeeplink" classname="androidx.navigation.fragment.DynamicNavControllerTest" time="0.136" />
  <testcase name="testDeeplink" classname="androidx.navigation.fragment.DynamicNavControllerTest" time="0.116" />
  <testcase name="testDoubleNestedStartDestinationUriDeepLink" classname="androidx.navigation.fragment.DynamicNavControllerTest" time="0.115" />
  <testcase name="testRecreate" classname="androidx.navigation.fragment.EmbeddedXmlTest" time="0.167" />
  <testcase name="testAddSharedElements" classname="androidx.navigation.fragment.FragmentNavigatorExtrasTest" time="0.002" />
  <testcase name="testFragmentNavigatorExtras" classname="androidx.navigation.fragment.FragmentNavigatorExtrasTest" time="0.002" />
  <testcase name="testAddSharedElement" classname="androidx.navigation.fragment.FragmentNavigatorExtrasTest" time="0.003" />
  <testcase name="testNavigate" classname="androidx.navigation.fragment.FragmentNavigatorTest" time="0.057" />
  <testcase name="testPop" classname="androidx.navigation.fragment.FragmentNavigatorTest" time="0.12" />
  <testcase name="testSingleTopInitial" classname="androidx.navigation.fragment.FragmentNavigatorTest" time="0.113" />
  <testcase name="testPopWithSameDestinationTwice" classname="androidx.navigation.fragment.FragmentNavigatorTest" time="0.124" />
  <testcase name="testToString" classname="androidx.navigation.fragment.FragmentNavigatorTest" time="0.115" />
  <testcase name="testDeepLinkPop" classname="androidx.navigation.fragment.FragmentNavigatorTest" time="0.099" />
  <testcase name="testSaveRestoreState" classname="androidx.navigation.fragment.FragmentNavigatorTest" time="0.105" />
  <testcase name="testNavigateWithFragmentFactory" classname="androidx.navigation.fragment.FragmentNavigatorTest" time="0.113" />
  <testcase name="testSingleTop" classname="androidx.navigation.fragment.FragmentNavigatorTest" time="0.114" />
  <testcase name="testMultiplePopFragmentTransactionsThenPop" classname="androidx.navigation.fragment.FragmentNavigatorTest" time="0.096" />
  <testcase name="testMultipleNavigateFragmentTransactionsThenPop" classname="androidx.navigation.fragment.FragmentNavigatorTest" time="0.107" />
  <testcase name="testNavigateWithPopUpToThenPop" classname="androidx.navigation.fragment.FragmentNavigatorTest" time="0.102" />
  <testcase name="testSaveRestoreStateAfterSaveState" classname="androidx.navigation.fragment.FragmentNavigatorTest" time="0.112" />
  <testcase name="testPopInitial" classname="androidx.navigation.fragment.FragmentNavigatorTest" time="0.101" />
  <testcase name="testNavigateTwice" classname="androidx.navigation.fragment.FragmentNavigatorTest" time="0.111" />
  <testcase name="testPopWithChildFragmentBackStack" classname="androidx.navigation.fragment.FragmentNavigatorTest" time="0.122" />
  <testcase name="testToStringNoClassName" classname="androidx.navigation.fragment.FragmentNavigatorTest" time="0.102" />
  <testcase name="testNavigateInOnResume" classname="androidx.navigation.fragment.ImmediateNavigationTest" time="0.28" />
  <testcase name="testFragmentToNavHost" classname="androidx.navigation.fragment.MultiNavHostFragmentTest" time="0.126" />
  <testcase name="testNavHostToFragment" classname="androidx.navigation.fragment.MultiNavHostFragmentTest" time="0.154" />
  <testcase name="testNavHostToNavHost" classname="androidx.navigation.fragment.MultiNavHostFragmentTest" time="0.15" />
  <testcase name="sameViewModelAcrossFragmentsWithRoutes" classname="androidx.navigation.fragment.NavGraphViewModelLazyTest" time="0.212" />
  <testcase name="sameViewModelAcrossFragments" classname="androidx.navigation.fragment.NavGraphViewModelLazyTest" time="0.202" />
  <testcase name="vmInitialization" classname="androidx.navigation.fragment.NavGraphViewModelLazyTest" time="0.184" />
  <testcase name="testFindNavControllerDynamic" classname="androidx.navigation.fragment.NavHostFragmentDynamicTest" time="0.103" />
  <testcase name="testFindNavControllerDynamicWithoutId" classname="androidx.navigation.fragment.NavHostFragmentDynamicTest" time="0.105" />
  <testcase name="testFindNavControllerMultipleDynamic" classname="androidx.navigation.fragment.NavHostFragmentDynamicTest" time="0.095" />
  <testcase name="testFindNavControllerXml[0]" classname="androidx.navigation.fragment.NavHostFragmentTest" time="0.119" />
  <testcase name="testFindNavControllerRecreate[0]" classname="androidx.navigation.fragment.NavHostFragmentTest" time="0.197" />
  <testcase name="testDismissDialogAfterRecreate[0]" classname="androidx.navigation.fragment.NavHostFragmentTest" time="0.313" />
  <testcase name="testFindNavControllerXml[1]" classname="androidx.navigation.fragment.NavHostFragmentTest" time="0.113" />
  <testcase name="testFindNavControllerRecreate[1]" classname="androidx.navigation.fragment.NavHostFragmentTest" time="0.207" />
  <testcase name="testDismissDialogAfterRecreate[1]" classname="androidx.navigation.fragment.NavHostFragmentTest" time="0.293" />
  <testcase name="testOnBackPressedAfterNavigate_notDefaultNavHost[0]" classname="androidx.navigation.fragment.OnBackPressedTest" time="0.132" />
  <testcase name="testOnBackPressedOnRoot[0]" classname="androidx.navigation.fragment.OnBackPressedTest" time="0.137" />
  <testcase name="testOnBackPressedWithChildBackStack[0]" classname="androidx.navigation.fragment.OnBackPressedTest" time="0.134" />
  <testcase name="testOnBackPressedAfterNavigate[0]" classname="androidx.navigation.fragment.OnBackPressedTest" time="0.111" />
  <testcase name="testOnBackPressedAfterNavigate_notDefaultNavHost[1]" classname="androidx.navigation.fragment.OnBackPressedTest" time="0.114" />
  <testcase name="testOnBackPressedOnRoot[1]" classname="androidx.navigation.fragment.OnBackPressedTest" time="0.144" />
  <testcase name="testOnBackPressedWithChildBackStack[1]" classname="androidx.navigation.fragment.OnBackPressedTest" time="0.109" />
  <testcase name="testOnBackPressedAfterNavigate[1]" classname="androidx.navigation.fragment.OnBackPressedTest" time="0.12" />
  <testcase name="testNavigateInOnResume" classname="androidx.navigation.fragment.StartDestinationArgsTest" time="0.103" />
  <testcase name="fragment" classname="androidx.navigation.fragment.TestNavigatorDestinationBuilderTest" time="0.11" />
  <testcase name="fragmentRoute" classname="androidx.navigation.fragment.TestNavigatorDestinationBuilderTest" time="0.105" />
  <testcase name="fragmentWithBodyRoute" classname="androidx.navigation.fragment.TestNavigatorDestinationBuilderTest" time="0.094" />
  <testcase name="fragmentWithBody" classname="androidx.navigation.fragment.TestNavigatorDestinationBuilderTest" time="0.102" />
  <testcase name="testNestedStartDestinationDeeplinkWithArgs" classname="androidx.navigation.fragment.XmlNavControllerTest" time="0.116" />
  <testcase name="testStartDestinationDeeplink" classname="androidx.navigation.fragment.XmlNavControllerTest" time="0.115" />
  <testcase name="testDoubleNestedUriDeepLink" classname="androidx.navigation.fragment.XmlNavControllerTest" time="0.102" />
  <testcase name="testUriDeepLink" classname="androidx.navigation.fragment.XmlNavControllerTest" time="0.115" />
  <testcase name="testStartDestinationUriDeepLink" classname="androidx.navigation.fragment.XmlNavControllerTest" time="0.117" />
  <testcase name="testStartDestinationDeeplinkWithArgs" classname="androidx.navigation.fragment.XmlNavControllerTest" time="0.101" />
  <testcase name="testNestedUriDeepLinkWithSlash" classname="androidx.navigation.fragment.XmlNavControllerTest" time="0.095" />
  <testcase name="testDoubleNestedStartDestinationDeeplink" classname="androidx.navigation.fragment.XmlNavControllerTest" time="0.097" />
  <testcase name="testDeeplinkWithArgs" classname="androidx.navigation.fragment.XmlNavControllerTest" time="0.094" />
  <testcase name="testDoubleNestedStartDestinationDeeplinkWithArgs" classname="androidx.navigation.fragment.XmlNavControllerTest" time="0.115" />
  <testcase name="testDoubleNestedDeeplink" classname="androidx.navigation.fragment.XmlNavControllerTest" time="0.138" />
  <testcase name="testNestedDeeplinkWithArgs" classname="androidx.navigation.fragment.XmlNavControllerTest" time="0.137" />
  <testcase name="testDoubleNestedDeeplinkWithArgs" classname="androidx.navigation.fragment.XmlNavControllerTest" time="0.109" />
  <testcase name="testNestedStartDestinationUriDeepLink" classname="androidx.navigation.fragment.XmlNavControllerTest" time="0.108" />
  <testcase name="testNestedUriDeepLink" classname="androidx.navigation.fragment.XmlNavControllerTest" time="0.115" />
  <testcase name="testNestedStartDestinationDeeplink" classname="androidx.navigation.fragment.XmlNavControllerTest" time="0.105" />
  <testcase name="testNestedDeeplink" classname="androidx.navigation.fragment.XmlNavControllerTest" time="0.104" />
  <testcase name="testDeeplink" classname="androidx.navigation.fragment.XmlNavControllerTest" time="0.111" />
  <testcase name="testDoubleNestedStartDestinationUriDeepLink" classname="androidx.navigation.fragment.XmlNavControllerTest" time="0.101" />
</testsuite>