<?xml version='1.0' encoding='UTF-8' ?>
<testsuite name="" tests="51" failures="1" flakes="0" errors="0" skipped="0" time="14.811" hostname="localhost">
  <testcase name="testRemoveFromDefault" classname="androidx.lifecycle.SavedStateHandleParcelingTest" time="0.002">
    <failure>java.lang.AssertionError: 
Expected: is &lt;false&gt;
     but: was &lt;true&gt;
	at org.hamcrest.MatcherAssert.assertThat(MatcherAssert.java:20)
	at org.hamcrest.MatcherAssert.assertThat(MatcherAssert.java:8)
	at androidx.lifecycle.SavedStateHandleParcelingTest.testRemoveFromDefault(SavedStateHandleParcelingTest.java:68)
    </failure>
    <failure>java.lang.AssertionError: 
Expected: is &lt;false&gt;
     but: was &lt;true&gt;
	at org.hamcrest.MatcherAssert.assertThat(MatcherAssert.java:20)
	at org.hamcrest.MatcherAssert.assertThat(MatcherAssert.java:8)
	at androidx.lifecycle.SavedStateHandleParcelingTest.testRemoveFromDefault(SavedStateHandleParcelingTest.java:68)
    </failure>
    <failure>java.lang.AssertionError: 
Expected: is &lt;false&gt;
     but: was &lt;true&gt;
	at org.hamcrest.MatcherAssert.assertThat(MatcherAssert.java:20)
	at org.hamcrest.MatcherAssert.assertThat(MatcherAssert.java:8)
	at androidx.lifecycle.SavedStateHandleParcelingTest.testRemoveFromDefault(SavedStateHandleParcelingTest.java:68)
    </failure>
  </testcase>
  <testcase name="test" classname="androidx.lifecycle.SavedStateHandleParcelingTest" time="0.019" />
  <testcase name="testResetProvider" classname="androidx.lifecycle.SavedStateHandleProviderTest" time="0.001" />
  <testcase name="test" classname="androidx.lifecycle.SavedStateHandleProviderTest" time="0.001" />
  <testcase name="testLegacyCreateAndroidAbstractVM" classname="androidx.lifecycle.viewmodel.savedstate.SavedStateFactoryTest" time="0.255" />
  <testcase name="testLegacyCreateFailAndroidVM" classname="androidx.lifecycle.viewmodel.savedstate.SavedStateFactoryTest" time="0.167" />
  <testcase name="testCreateFailAndroidVM" classname="androidx.lifecycle.viewmodel.savedstate.SavedStateFactoryTest" time="0.166" />
  <testcase name="testCreateAndroidVM" classname="androidx.lifecycle.viewmodel.savedstate.SavedStateFactoryTest" time="0.213" />
  <testcase name="testLegacyMethodsWithEmptyConstructor" classname="androidx.lifecycle.viewmodel.savedstate.SavedStateFactoryTest" time="0.158" />
  <testcase name="testLegacyCreateAndroidVM" classname="androidx.lifecycle.viewmodel.savedstate.SavedStateFactoryTest" time="0.152" />
  <testcase name="testSavedStateHandleSupportWithConfigChange" classname="androidx.lifecycle.viewmodel.savedstate.SavedStateHandleSupportTest" time="0.007" />
  <testcase name="defaultArgs" classname="androidx.lifecycle.viewmodel.savedstate.SavedStateHandleSupportTest" time="0.006" />
  <testcase name="testSavedStateHandleSupport" classname="androidx.lifecycle.viewmodel.savedstate.SavedStateHandleSupportTest" time="0.008" />
  <testcase name="failWithNoInstallation" classname="androidx.lifecycle.viewmodel.savedstate.SavedStateHandleSupportTest" time="0.008" />
  <testcase name="newLiveData_existingNullValue_withInitial" classname="androidx.lifecycle.viewmodel.savedstate.SavedStateHandleTest" time="0.005" />
  <testcase name="newLiveData_noDefault" classname="androidx.lifecycle.viewmodel.savedstate.SavedStateHandleTest" time="0.003" />
  <testcase name="newLiveData_nullInitial" classname="androidx.lifecycle.viewmodel.savedstate.SavedStateHandleTest" time="0.004" />
  <testcase name="newLiveData_existingValue_withInitial" classname="androidx.lifecycle.viewmodel.savedstate.SavedStateHandleTest" time="0.003" />
  <testcase name="newLiveData_existingValue_withNullInitial" classname="androidx.lifecycle.viewmodel.savedstate.SavedStateHandleTest" time="0.003" />
  <testcase name="testContains" classname="androidx.lifecycle.viewmodel.savedstate.SavedStateHandleTest" time="0.004" />
  <testcase name="testSetNullGet" classname="androidx.lifecycle.viewmodel.savedstate.SavedStateHandleTest" time="0.002" />
  <testcase name="testRemoveWithLD" classname="androidx.lifecycle.viewmodel.savedstate.SavedStateHandleTest" time="0.003" />
  <testcase name="testSetObserve" classname="androidx.lifecycle.viewmodel.savedstate.SavedStateHandleTest" time="0.004" />
  <testcase name="testKeySet" classname="androidx.lifecycle.viewmodel.savedstate.SavedStateHandleTest" time="0.011" />
  <testcase name="testRemove" classname="androidx.lifecycle.viewmodel.savedstate.SavedStateHandleTest" time="0.003" />
  <testcase name="testSetGet" classname="androidx.lifecycle.viewmodel.savedstate.SavedStateHandleTest" time="0.003" />
  <testcase name="newliveData_withInitial" classname="androidx.lifecycle.viewmodel.savedstate.SavedStateHandleTest" time="0.009" />
  <testcase name="testSimpleSavingVM[Mode(ownerMode=fragment, factoryMode=legacy_non_abstract)]" classname="androidx.lifecycle.viewmodel.savedstate.ViewModelsWithStateTest" time="0.686" />
  <testcase name="testReattachment[Mode(ownerMode=fragment, factoryMode=legacy_non_abstract)]" classname="androidx.lifecycle.viewmodel.savedstate.ViewModelsWithStateTest" time="0.75" />
  <testcase name="testFirstAccessAfterOnStop[Mode(ownerMode=fragment, factoryMode=legacy_non_abstract)]" classname="androidx.lifecycle.viewmodel.savedstate.ViewModelsWithStateTest" time="0.869" />
  <testcase name="testSimpleSavingVM[Mode(ownerMode=fragment, factoryMode=non_abstract)]" classname="androidx.lifecycle.viewmodel.savedstate.ViewModelsWithStateTest" time="0.573" />
  <testcase name="testReattachment[Mode(ownerMode=fragment, factoryMode=non_abstract)]" classname="androidx.lifecycle.viewmodel.savedstate.ViewModelsWithStateTest" time="0.582" />
  <testcase name="testFirstAccessAfterOnStop[Mode(ownerMode=fragment, factoryMode=non_abstract)]" classname="androidx.lifecycle.viewmodel.savedstate.ViewModelsWithStateTest" time="0.701" />
  <testcase name="testSimpleSavingVM[Mode(ownerMode=fragment, factoryMode=legacy_abstract)]" classname="androidx.lifecycle.viewmodel.savedstate.ViewModelsWithStateTest" time="0.48" />
  <testcase name="testReattachment[Mode(ownerMode=fragment, factoryMode=legacy_abstract)]" classname="androidx.lifecycle.viewmodel.savedstate.ViewModelsWithStateTest" time="0.543" />
  <testcase name="testFirstAccessAfterOnStop[Mode(ownerMode=fragment, factoryMode=legacy_abstract)]" classname="androidx.lifecycle.viewmodel.savedstate.ViewModelsWithStateTest" time="0.694" />
  <testcase name="testSimpleSavingVM[Mode(ownerMode=fragment, factoryMode=abstract)]" classname="androidx.lifecycle.viewmodel.savedstate.ViewModelsWithStateTest" time="0.487" />
  <testcase name="testReattachment[Mode(ownerMode=fragment, factoryMode=abstract)]" classname="androidx.lifecycle.viewmodel.savedstate.ViewModelsWithStateTest" time="0.517" />
  <testcase name="testFirstAccessAfterOnStop[Mode(ownerMode=fragment, factoryMode=abstract)]" classname="androidx.lifecycle.viewmodel.savedstate.ViewModelsWithStateTest" time="0.684" />
  <testcase name="testSimpleSavingVM[Mode(ownerMode=activity, factoryMode=legacy_non_abstract)]" classname="androidx.lifecycle.viewmodel.savedstate.ViewModelsWithStateTest" time="0.481" />
  <testcase name="testReattachment[Mode(ownerMode=activity, factoryMode=legacy_non_abstract)]" classname="androidx.lifecycle.viewmodel.savedstate.ViewModelsWithStateTest" time="0.559" />
  <testcase name="testFirstAccessAfterOnStop[Mode(ownerMode=activity, factoryMode=legacy_non_abstract)]" classname="androidx.lifecycle.viewmodel.savedstate.ViewModelsWithStateTest" time="0.633" />
  <testcase name="testSimpleSavingVM[Mode(ownerMode=activity, factoryMode=non_abstract)]" classname="androidx.lifecycle.viewmodel.savedstate.ViewModelsWithStateTest" time="0.464" />
  <testcase name="testReattachment[Mode(ownerMode=activity, factoryMode=non_abstract)]" classname="androidx.lifecycle.viewmodel.savedstate.ViewModelsWithStateTest" time="0.513" />
  <testcase name="testFirstAccessAfterOnStop[Mode(ownerMode=activity, factoryMode=non_abstract)]" classname="androidx.lifecycle.viewmodel.savedstate.ViewModelsWithStateTest" time="0.617" />
  <testcase name="testSimpleSavingVM[Mode(ownerMode=activity, factoryMode=legacy_abstract)]" classname="androidx.lifecycle.viewmodel.savedstate.ViewModelsWithStateTest" time="0.438" />
  <testcase name="testReattachment[Mode(ownerMode=activity, factoryMode=legacy_abstract)]" classname="androidx.lifecycle.viewmodel.savedstate.ViewModelsWithStateTest" time="0.544" />
  <testcase name="testFirstAccessAfterOnStop[Mode(ownerMode=activity, factoryMode=legacy_abstract)]" classname="androidx.lifecycle.viewmodel.savedstate.ViewModelsWithStateTest" time="0.62" />
  <testcase name="testSimpleSavingVM[Mode(ownerMode=activity, factoryMode=abstract)]" classname="androidx.lifecycle.viewmodel.savedstate.ViewModelsWithStateTest" time="0.438" />
  <testcase name="testReattachment[Mode(ownerMode=activity, factoryMode=abstract)]" classname="androidx.lifecycle.viewmodel.savedstate.ViewModelsWithStateTest" time="0.55" />
  <testcase name="testFirstAccessAfterOnStop[Mode(ownerMode=activity, factoryMode=abstract)]" classname="androidx.lifecycle.viewmodel.savedstate.ViewModelsWithStateTest" time="0.605" />
</testsuite>